-- The C compiler identification is GNU 9.4.0
-- The CXX compiler identification is GNU 9.4.0
-- Check for working C compiler: /usr/bin/cc
-- Check for working C compiler: /usr/bin/cc -- works
-- Detecting C compiler ABI info
-- Detecting C compiler ABI info - done
-- Detecting C compile features
-- Detecting C compile features - done
-- Check for working CXX compiler: /usr/bin/c++
-- Check for working CXX compiler: /usr/bin/c++ -- works
-- Detecting CXX compiler ABI info
-- Detecting CXX compiler ABI info - done
-- Detecting CXX compile features
-- Detecting CXX compile features - done
-- Found ament_cmake: 1.1.5 (/opt/ros/galactic/share/ament_cmake/cmake)
-- Found PythonInterp: /usr/bin/python3 (found suitable version "3.8.10", minimum required is "3") 
-- Using PYTHON_EXECUTABLE: /usr/bin/python3
-- Found rclcpp: 9.2.0 (/opt/ros/galactic/share/rclcpp/cmake)
-- Using all available rosidl_typesupport_c: rosidl_typesupport_fastrtps_c;rosidl_typesupport_introspection_c
-- Found rosidl_adapter: 2.2.1 (/opt/ros/galactic/share/rosidl_adapter/cmake)
-- Found OpenSSL: /usr/lib/x86_64-linux-gnu/libcrypto.so (found version "1.1.1f")  
-- Found FastRTPS: /opt/ros/galactic/include  
-- Using all available rosidl_typesupport_cpp: rosidl_typesupport_fastrtps_cpp;rosidl_typesupport_introspection_cpp
-- Found rmw_implementation_cmake: 3.3.1 (/opt/ros/galactic/share/rmw_implementation_cmake/cmake)
-- Found rmw_cyclonedds_cpp: 0.22.4 (/opt/ros/galactic/share/rmw_cyclonedds_cpp/cmake)
-- Using RMW implementation 'rmw_cyclonedds_cpp' as default
-- Looking for pthread.h
-- Looking for pthread.h - found
-- Performing Test CMAKE_HAVE_LIBC_PTHREAD
-- Performing Test CMAKE_HAVE_LIBC_PTHREAD - Failed
-- Looking for pthread_create in pthreads
-- Looking for pthread_create in pthreads - not found
-- Looking for pthread_create in pthread
-- Looking for pthread_create in pthread - found
-- Found Threads: TRUE  
-- Configuring done
-- Generating done
-- Build files have been written to: /home/misys/keyBoardControl/build/keyboardcontrol
[35m[1mScanning dependencies of target getKeyBoard[0m
[35m[1mScanning dependencies of target testKeyBoard[0m
[ 25%] [32mBuilding CXX object CMakeFiles/getKeyBoard.dir/src/getKeyBoardInputnode.cc.o[0m
[ 50%] [32mBuilding CXX object CMakeFiles/testKeyBoard.dir/src/testKeyBoardInputnode.cc.o[0m
[ 75%] [32m[1mLinking CXX executable getKeyBoard[0m
[ 75%] Built target getKeyBoard
[100%] [32m[1mLinking CXX executable testKeyBoard[0m
[100%] Built target testKeyBoard
-- Install configuration: ""
-- Installing: /home/misys/keyBoardControl/install/keyboardcontrol/lib/keyboardcontrol/getKeyBoard
-- Set runtime path of "/home/misys/keyBoardControl/install/keyboardcontrol/lib/keyboardcontrol/getKeyBoard" to ""
-- Up-to-date: /home/misys/keyBoardControl/install/keyboardcontrol/lib/keyboardcontrol/getKeyBoard
-- Installing: /home/misys/keyBoardControl/install/keyboardcontrol/lib/keyboardcontrol/testKeyBoard
-- Set runtime path of "/home/misys/keyBoardControl/install/keyboardcontrol/lib/keyboardcontrol/testKeyBoard" to ""
-- Installing: /home/misys/keyBoardControl/install/keyboardcontrol/share/ament_index/resource_index/package_run_dependencies/keyboardcontrol
-- Installing: /home/misys/keyBoardControl/install/keyboardcontrol/share/ament_index/resource_index/parent_prefix_path/keyboardcontrol
-- Installing: /home/misys/keyBoardControl/install/keyboardcontrol/share/keyboardcontrol/environment/ament_prefix_path.sh
-- Installing: /home/misys/keyBoardControl/install/keyboardcontrol/share/keyboardcontrol/environment/ament_prefix_path.dsv
-- Installing: /home/misys/keyBoardControl/install/keyboardcontrol/share/keyboardcontrol/environment/path.sh
-- Installing: /home/misys/keyBoardControl/install/keyboardcontrol/share/keyboardcontrol/environment/path.dsv
-- Installing: /home/misys/keyBoardControl/install/keyboardcontrol/share/keyboardcontrol/local_setup.bash
-- Installing: /home/misys/keyBoardControl/install/keyboardcontrol/share/keyboardcontrol/local_setup.sh
-- Installing: /home/misys/keyBoardControl/install/keyboardcontrol/share/keyboardcontrol/local_setup.zsh
-- Installing: /home/misys/keyBoardControl/install/keyboardcontrol/share/keyboardcontrol/local_setup.dsv
-- Installing: /home/misys/keyBoardControl/install/keyboardcontrol/share/keyboardcontrol/package.dsv
-- Installing: /home/misys/keyBoardControl/install/keyboardcontrol/share/ament_index/resource_index/packages/keyboardcontrol
-- Installing: /home/misys/keyBoardControl/install/keyboardcontrol/share/keyboardcontrol/cmake/keyboardcontrolConfig.cmake
-- Installing: /home/misys/keyBoardControl/install/keyboardcontrol/share/keyboardcontrol/cmake/keyboardcontrolConfig-version.cmake
-- Installing: /home/misys/keyBoardControl/install/keyboardcontrol/share/keyboardcontrol/package.xml
