[0.009s] Invoking command in '/home/misys/keyBoardControl/build/keyboardcontrol': CMAKE_PREFIX_PATH=${CMAKE_PREFIX_PATH}:/opt/ros/galactic /usr/bin/cmake /home/misys/keyBoardControl -DCMAKE_INSTALL_PREFIX=/home/misys/keyBoardControl/install/keyboardcontrol
[0.050s] -- The C compiler identification is GNU 9.4.0
[0.090s] -- The CXX compiler identification is GNU 9.4.0
[0.093s] -- Check for working C compiler: /usr/bin/cc
[0.142s] -- Check for working C compiler: /usr/bin/cc -- works
[0.143s] -- Detecting C compiler ABI info
[0.192s] -- Detecting C compiler ABI info - done
[0.201s] -- Detecting C compile features
[0.202s] -- Detecting C compile features - done
[0.203s] -- Check for working CXX compiler: /usr/bin/c++
[0.261s] -- Check for working CXX compiler: /usr/bin/c++ -- works
[0.262s] -- Detecting CXX compiler ABI info
[0.324s] -- Detecting CXX compiler ABI info - done
[0.336s] -- Detecting CXX compile features
[0.336s] -- Detecting CXX compile features - done
[0.337s] -- Found ament_cmake: 1.1.5 (/opt/ros/galactic/share/ament_cmake/cmake)
[0.355s] -- Found PythonInterp: /usr/bin/python3 (found suitable version "3.8.10", minimum required is "3") 
[0.355s] -- Using PYTHON_EXECUTABLE: /usr/bin/python3
[0.411s] -- Found rclcpp: 9.2.0 (/opt/ros/galactic/share/rclcpp/cmake)
[0.446s] -- Using all available rosidl_typesupport_c: rosidl_typesupport_fastrtps_c;rosidl_typesupport_introspection_c
[0.451s] -- Found rosidl_adapter: 2.2.1 (/opt/ros/galactic/share/rosidl_adapter/cmake)
[0.506s] -- Found OpenSSL: /usr/lib/x86_64-linux-gnu/libcrypto.so (found version "1.1.1f")  
[0.529s] -- Found FastRTPS: /opt/ros/galactic/include  
[0.589s] -- Using all available rosidl_typesupport_cpp: rosidl_typesupport_fastrtps_cpp;rosidl_typesupport_introspection_cpp
[0.636s] -- Found rmw_implementation_cmake: 3.3.1 (/opt/ros/galactic/share/rmw_implementation_cmake/cmake)
[0.638s] -- Found rmw_cyclonedds_cpp: 0.22.4 (/opt/ros/galactic/share/rmw_cyclonedds_cpp/cmake)
[0.654s] -- Using RMW implementation 'rmw_cyclonedds_cpp' as default
[0.655s] -- Looking for pthread.h
[0.706s] -- Looking for pthread.h - found
[0.706s] -- Performing Test CMAKE_HAVE_LIBC_PTHREAD
[0.761s] -- Performing Test CMAKE_HAVE_LIBC_PTHREAD - Failed
[0.761s] -- Looking for pthread_create in pthreads
[0.802s] -- Looking for pthread_create in pthreads - not found
[0.802s] -- Looking for pthread_create in pthread
[0.854s] -- Looking for pthread_create in pthread - found
[0.855s] -- Found Threads: TRUE  
[1.022s] -- Configuring done
[1.030s] -- Generating done
[1.031s] -- Build files have been written to: /home/misys/keyBoardControl/build/keyboardcontrol
[1.036s] Invoked command in '/home/misys/keyBoardControl/build/keyboardcontrol' returned '0': CMAKE_PREFIX_PATH=${CMAKE_PREFIX_PATH}:/opt/ros/galactic /usr/bin/cmake /home/misys/keyBoardControl -DCMAKE_INSTALL_PREFIX=/home/misys/keyBoardControl/install/keyboardcontrol
[1.038s] Invoking command in '/home/misys/keyBoardControl/build/keyboardcontrol': CMAKE_PREFIX_PATH=${CMAKE_PREFIX_PATH}:/opt/ros/galactic /usr/bin/cmake --build /home/misys/keyBoardControl/build/keyboardcontrol -- -j12 -l12
[1.069s] [35m[1mScanning dependencies of target getKeyBoard[0m
[1.069s] [35m[1mScanning dependencies of target testKeyBoard[0m
[1.097s] [ 25%] [32mBuilding CXX object CMakeFiles/getKeyBoard.dir/src/getKeyBoardInputnode.cc.o[0m
[1.099s] [ 50%] [32mBuilding CXX object CMakeFiles/testKeyBoard.dir/src/testKeyBoardInputnode.cc.o[0m
[4.090s] [ 75%] [32m[1mLinking CXX executable getKeyBoard[0m
[4.233s] [ 75%] Built target getKeyBoard
[6.671s] [100%] [32m[1mLinking CXX executable testKeyBoard[0m
[6.893s] [100%] Built target testKeyBoard
[6.902s] Invoked command in '/home/misys/keyBoardControl/build/keyboardcontrol' returned '0': CMAKE_PREFIX_PATH=${CMAKE_PREFIX_PATH}:/opt/ros/galactic /usr/bin/cmake --build /home/misys/keyBoardControl/build/keyboardcontrol -- -j12 -l12
[6.925s] Invoking command in '/home/misys/keyBoardControl/build/keyboardcontrol': CMAKE_PREFIX_PATH=${CMAKE_PREFIX_PATH}:/opt/ros/galactic /usr/bin/cmake --install /home/misys/keyBoardControl/build/keyboardcontrol
[6.932s] -- Install configuration: ""
[6.932s] -- Installing: /home/misys/keyBoardControl/install/keyboardcontrol/lib/keyboardcontrol/getKeyBoard
[6.933s] -- Set runtime path of "/home/misys/keyBoardControl/install/keyboardcontrol/lib/keyboardcontrol/getKeyBoard" to ""
[6.933s] -- Up-to-date: /home/misys/keyBoardControl/install/keyboardcontrol/lib/keyboardcontrol/getKeyBoard
[6.933s] -- Installing: /home/misys/keyBoardControl/install/keyboardcontrol/lib/keyboardcontrol/testKeyBoard
[6.934s] -- Set runtime path of "/home/misys/keyBoardControl/install/keyboardcontrol/lib/keyboardcontrol/testKeyBoard" to ""
[6.935s] -- Installing: /home/misys/keyBoardControl/install/keyboardcontrol/share/ament_index/resource_index/package_run_dependencies/keyboardcontrol
[6.935s] -- Installing: /home/misys/keyBoardControl/install/keyboardcontrol/share/ament_index/resource_index/parent_prefix_path/keyboardcontrol
[6.935s] -- Installing: /home/misys/keyBoardControl/install/keyboardcontrol/share/keyboardcontrol/environment/ament_prefix_path.sh
[6.935s] -- Installing: /home/misys/keyBoardControl/install/keyboardcontrol/share/keyboardcontrol/environment/ament_prefix_path.dsv
[6.935s] -- Installing: /home/misys/keyBoardControl/install/keyboardcontrol/share/keyboardcontrol/environment/path.sh
[6.935s] -- Installing: /home/misys/keyBoardControl/install/keyboardcontrol/share/keyboardcontrol/environment/path.dsv
[6.935s] -- Installing: /home/misys/keyBoardControl/install/keyboardcontrol/share/keyboardcontrol/local_setup.bash
[6.935s] -- Installing: /home/misys/keyBoardControl/install/keyboardcontrol/share/keyboardcontrol/local_setup.sh
[6.936s] -- Installing: /home/misys/keyBoardControl/install/keyboardcontrol/share/keyboardcontrol/local_setup.zsh
[6.936s] -- Installing: /home/misys/keyBoardControl/install/keyboardcontrol/share/keyboardcontrol/local_setup.dsv
[6.936s] -- Installing: /home/misys/keyBoardControl/install/keyboardcontrol/share/keyboardcontrol/package.dsv
[6.936s] -- Installing: /home/misys/keyBoardControl/install/keyboardcontrol/share/ament_index/resource_index/packages/keyboardcontrol
[6.936s] -- Installing: /home/misys/keyBoardControl/install/keyboardcontrol/share/keyboardcontrol/cmake/keyboardcontrolConfig.cmake
[6.936s] -- Installing: /home/misys/keyBoardControl/install/keyboardcontrol/share/keyboardcontrol/cmake/keyboardcontrolConfig-version.cmake
[6.936s] -- Installing: /home/misys/keyBoardControl/install/keyboardcontrol/share/keyboardcontrol/package.xml
[6.938s] Invoked command in '/home/misys/keyBoardControl/build/keyboardcontrol' returned '0': CMAKE_PREFIX_PATH=${CMAKE_PREFIX_PATH}:/opt/ros/galactic /usr/bin/cmake --install /home/misys/keyBoardControl/build/keyboardcontrol
