[0.011s] Invoking command in '/home/misys/keyBoardControl/build/keyBoardControl': CMAKE_PREFIX_PATH=${CMAKE_PREFIX_PATH}:/opt/ros/galactic /usr/bin/cmake --build /home/misys/keyBoardControl/build/keyBoardControl -- -j12 -l12
[0.029s] -- Found ament_cmake: 1.1.5 (/opt/ros/galactic/share/ament_cmake/cmake)
[0.047s] -- Using PYTHON_EXECUTABLE: /usr/bin/python3
[0.095s] -- Found rclcpp: 9.2.0 (/opt/ros/galactic/share/rclcpp/cmake)
[0.124s] -- Using all available rosidl_typesupport_c: rosidl_typesupport_fastrtps_c;rosidl_typesupport_introspection_c
[0.126s] -- Found rosidl_adapter: 2.2.1 (/opt/ros/galactic/share/rosidl_adapter/cmake)
[0.218s] -- Using all available rosidl_typesupport_cpp: rosidl_typesupport_fastrtps_cpp;rosidl_typesupport_introspection_cpp
[0.262s] -- Found rmw_implementation_cmake: 3.3.1 (/opt/ros/galactic/share/rmw_implementation_cmake/cmake)
[0.263s] -- Found rmw_cyclonedds_cpp: 0.22.4 (/opt/ros/galactic/share/rmw_cyclonedds_cpp/cmake)
[0.278s] -- Using RMW implementation 'rmw_cyclonedds_cpp' as default
[0.431s] WARNING: Package name "keyBoardControl" does not follow the naming conventions. It should start with a lower case letter and only contain lower case letters, digits, underscores, and dashes.
[0.436s] CMake Error at /opt/ros/galactic/share/ament_cmake_core/cmake/core/ament_package_xml.cmake:53 (message):
[0.436s]   ament_package_xml() package name 'keyBoardControl' in '/package.xml' does
[0.436s]   not match current PROJECT_NAME 'keyboardcontrol'.  You must call project()
[0.436s]   with the same package name before.
[0.436s] Call Stack (most recent call first):
[0.436s]   /opt/ros/galactic/share/ament_cmake_core/cmake/core/ament_package.cmake:63 (ament_package_xml)
[0.436s]   CMakeLists.txt:40 (ament_package)
[0.436s] 
[0.436s] 
[0.437s] -- Configuring incomplete, errors occurred!
[0.437s] See also "/home/misys/keyBoardControl/build/keyBoardControl/CMakeFiles/CMakeOutput.log".
[0.437s] See also "/home/misys/keyBoardControl/build/keyBoardControl/CMakeFiles/CMakeError.log".
[0.441s] make: *** [Makefile:310: cmake_check_build_system] Error 1
[0.444s] Invoked command in '/home/misys/keyBoardControl/build/keyBoardControl' returned '2': CMAKE_PREFIX_PATH=${CMAKE_PREFIX_PATH}:/opt/ros/galactic /usr/bin/cmake --build /home/misys/keyBoardControl/build/keyBoardControl -- -j12 -l12
