[0.010s] Invoking command in '/home/misys/keyBoardControl/build/keyBoardControl': CMAKE_PREFIX_PATH=${CMAKE_PREFIX_PATH}:/opt/ros/galactic /usr/bin/cmake /home/misys/keyBoardControl -DCMAKE_INSTALL_PREFIX=/home/misys/keyBoardControl/install/keyBoardControl
[0.049s] -- The C compiler identification is GNU 9.4.0
[0.087s] -- The CXX compiler identification is GNU 9.4.0
[0.091s] -- Check for working C compiler: /usr/bin/cc
[0.139s] -- Check for working C compiler: /usr/bin/cc -- works
[0.140s] -- Detecting C compiler ABI info
[0.191s] -- Detecting C compiler ABI info - done
[0.201s] -- Detecting C compile features
[0.201s] -- Detecting C compile features - done
[0.203s] -- Check for working CXX compiler: /usr/bin/c++
[0.259s] -- Check for working CXX compiler: /usr/bin/c++ -- works
[0.260s] -- Detecting CXX compiler ABI info
[0.316s] -- Detecting CXX compiler ABI info - done
[0.326s] -- Detecting CXX compile features
[0.326s] -- Detecting CXX compile features - done
[0.328s] -- Found ament_cmake: 1.1.5 (/opt/ros/galactic/share/ament_cmake/cmake)
[0.345s] -- Found PythonInterp: /usr/bin/python3 (found suitable version "3.8.10", minimum required is "3") 
[0.346s] -- Using PYTHON_EXECUTABLE: /usr/bin/python3
[0.400s] -- Found rclcpp: 9.2.0 (/opt/ros/galactic/share/rclcpp/cmake)
[0.435s] -- Using all available rosidl_typesupport_c: rosidl_typesupport_fastrtps_c;rosidl_typesupport_introspection_c
[0.439s] -- Found rosidl_adapter: 2.2.1 (/opt/ros/galactic/share/rosidl_adapter/cmake)
[0.489s] -- Found OpenSSL: /usr/lib/x86_64-linux-gnu/libcrypto.so (found version "1.1.1f")  
[0.511s] -- Found FastRTPS: /opt/ros/galactic/include  
[0.568s] -- Using all available rosidl_typesupport_cpp: rosidl_typesupport_fastrtps_cpp;rosidl_typesupport_introspection_cpp
[0.615s] -- Found rmw_implementation_cmake: 3.3.1 (/opt/ros/galactic/share/rmw_implementation_cmake/cmake)
[0.617s] -- Found rmw_cyclonedds_cpp: 0.22.4 (/opt/ros/galactic/share/rmw_cyclonedds_cpp/cmake)
[0.632s] -- Using RMW implementation 'rmw_cyclonedds_cpp' as default
[0.633s] -- Looking for pthread.h
[0.684s] -- Looking for pthread.h - found
[0.684s] -- Performing Test CMAKE_HAVE_LIBC_PTHREAD
[0.739s] -- Performing Test CMAKE_HAVE_LIBC_PTHREAD - Failed
[0.739s] -- Looking for pthread_create in pthreads
[0.780s] -- Looking for pthread_create in pthreads - not found
[0.781s] -- Looking for pthread_create in pthread
[0.830s] -- Looking for pthread_create in pthread - found
[0.831s] -- Found Threads: TRUE  
[0.984s] WARNING: Package name "keyBoardControl" does not follow the naming conventions. It should start with a lower case letter and only contain lower case letters, digits, underscores, and dashes.
[0.988s] CMake Error at /opt/ros/galactic/share/ament_cmake_core/cmake/core/ament_package_xml.cmake:53 (message):
[0.988s]   ament_package_xml() package name 'keyBoardControl' in '/package.xml' does
[0.988s]   not match current PROJECT_NAME 'keyBaordControl'.  You must call project()
[0.988s]   with the same package name before.
[0.989s] Call Stack (most recent call first):
[0.989s]   /opt/ros/galactic/share/ament_cmake_core/cmake/core/ament_package.cmake:63 (ament_package_xml)
[0.989s]   CMakeLists.txt:40 (ament_package)
[0.989s] 
[0.989s] 
[0.990s] -- Configuring incomplete, errors occurred!
[0.990s] See also "/home/misys/keyBoardControl/build/keyBoardControl/CMakeFiles/CMakeOutput.log".
[0.990s] See also "/home/misys/keyBoardControl/build/keyBoardControl/CMakeFiles/CMakeError.log".
[0.996s] Invoked command in '/home/misys/keyBoardControl/build/keyBoardControl' returned '1': CMAKE_PREFIX_PATH=${CMAKE_PREFIX_PATH}:/opt/ros/galactic /usr/bin/cmake /home/misys/keyBoardControl -DCMAKE_INSTALL_PREFIX=/home/misys/keyBoardControl/install/keyBoardControl
