[0.102s] DEBUG:colcon:Command line arguments: ['/usr/bin/colcon', 'build', '--packages-select', 'keyboardcontrol']
[0.102s] DEBUG:colcon:Parsed command line arguments: Namespace(allow_overriding=[], ament_cmake_args=None, base_paths=['.'], build_base='build', catkin_cmake_args=None, catkin_skip_building_tests=False, cmake_args=None, cmake_clean_cache=False, cmake_clean_first=False, cmake_force_configure=False, cmake_target=None, cmake_target_skip_unavailable=False, continue_on_error=False, event_handlers=None, executor='parallel', ignore_user_meta=False, install_base='install', log_base=None, log_level=None, main=<bound method BuildVerb.main of <colcon_core.verb.build.BuildVerb object at 0x7f201ee8f730>>, merge_install=False, metas=['./colcon.meta'], packages_above=None, packages_above_and_dependencies=None, packages_above_depth=None, packages_end=None, packages_ignore=None, packages_ignore_regex=None, packages_select=['keyboardcontrol'], packages_select_build_failed=False, packages_select_by_dep=None, packages_select_regex=None, packages_select_test_failures=False, packages_skip=None, packages_skip_build_finished=False, packages_skip_by_dep=None, packages_skip_regex=None, packages_skip_test_passed=False, packages_skip_up_to=None, packages_start=None, packages_up_to=None, packages_up_to_regex=None, parallel_workers=12, paths=None, symlink_install=False, test_result_base=None, verb_extension=<colcon_core.verb.build.BuildVerb object at 0x7f201ee8f730>, verb_name='build', verb_parser=<colcon_defaults.argument_parser.defaults.DefaultArgumentsDecorator object at 0x7f201ee8fc70>)
[0.120s] Level 1:colcon.colcon_core.package_discovery:discover_packages(colcon_meta) check parameters
[0.120s] Level 1:colcon.colcon_core.package_discovery:discover_packages(recursive) check parameters
[0.120s] Level 1:colcon.colcon_core.package_discovery:discover_packages(ignore) check parameters
[0.120s] Level 1:colcon.colcon_core.package_discovery:discover_packages(path) check parameters
[0.120s] Level 1:colcon.colcon_core.package_discovery:discover_packages(colcon_meta) discover
[0.120s] Level 1:colcon.colcon_core.package_discovery:discover_packages(recursive) discover
[0.120s] INFO:colcon.colcon_core.package_discovery:Crawling recursively for packages in '/home/misys/keyBoardControl'
[0.121s] Level 1:colcon.colcon_core.package_identification:_identify(.) by extensions ['ignore', 'ignore_ament_install']
[0.121s] Level 1:colcon.colcon_core.package_identification:_identify(.) by extension 'ignore'
[0.121s] Level 1:colcon.colcon_core.package_identification:_identify(.) by extension 'ignore_ament_install'
[0.121s] Level 1:colcon.colcon_core.package_identification:_identify(.) by extensions ['colcon_pkg']
[0.121s] Level 1:colcon.colcon_core.package_identification:_identify(.) by extension 'colcon_pkg'
[0.121s] Level 1:colcon.colcon_core.package_identification:_identify(.) by extensions ['colcon_meta']
[0.121s] Level 1:colcon.colcon_core.package_identification:_identify(.) by extension 'colcon_meta'
[0.121s] Level 1:colcon.colcon_core.package_identification:_identify(.) by extensions ['ros']
[0.121s] Level 1:colcon.colcon_core.package_identification:_identify(.) by extension 'ros'
[0.131s] DEBUG:colcon.colcon_core.package_identification:Package '.' with type 'ros.ament_cmake' and name 'keyboardcontrol'
[0.131s] Level 1:colcon.colcon_core.package_discovery:discover_packages(recursive) using defaults
[0.131s] Level 1:colcon.colcon_core.package_discovery:discover_packages(ignore) discover
[0.131s] Level 1:colcon.colcon_core.package_discovery:discover_packages(ignore) using defaults
[0.131s] Level 1:colcon.colcon_core.package_discovery:discover_packages(path) discover
[0.131s] Level 1:colcon.colcon_core.package_discovery:discover_packages(path) using defaults
[0.145s] Level 1:colcon.colcon_core.package_discovery:discover_packages(prefix_path) check parameters
[0.145s] Level 1:colcon.colcon_core.package_discovery:discover_packages(prefix_path) discover
[0.146s] DEBUG:colcon.colcon_installed_package_information.package_discovery:Found 1 installed packages in /home/misys/cpp_pubsub/install
[0.147s] DEBUG:colcon.colcon_installed_package_information.package_discovery:Found 268 installed packages in /opt/ros/galactic
[0.148s] Level 1:colcon.colcon_core.package_discovery:discover_packages(prefix_path) using defaults
[0.216s] Level 5:colcon.colcon_core.verb:set package 'keyboardcontrol' build argument 'cmake_args' from command line to 'None'
[0.216s] Level 5:colcon.colcon_core.verb:set package 'keyboardcontrol' build argument 'cmake_target' from command line to 'None'
[0.216s] Level 5:colcon.colcon_core.verb:set package 'keyboardcontrol' build argument 'cmake_target_skip_unavailable' from command line to 'False'
[0.216s] Level 5:colcon.colcon_core.verb:set package 'keyboardcontrol' build argument 'cmake_clean_cache' from command line to 'False'
[0.216s] Level 5:colcon.colcon_core.verb:set package 'keyboardcontrol' build argument 'cmake_clean_first' from command line to 'False'
[0.216s] Level 5:colcon.colcon_core.verb:set package 'keyboardcontrol' build argument 'cmake_force_configure' from command line to 'False'
[0.216s] Level 5:colcon.colcon_core.verb:set package 'keyboardcontrol' build argument 'ament_cmake_args' from command line to 'None'
[0.216s] Level 5:colcon.colcon_core.verb:set package 'keyboardcontrol' build argument 'catkin_cmake_args' from command line to 'None'
[0.216s] Level 5:colcon.colcon_core.verb:set package 'keyboardcontrol' build argument 'catkin_skip_building_tests' from command line to 'False'
[0.216s] DEBUG:colcon.colcon_core.verb:Building package 'keyboardcontrol' with the following arguments: {'ament_cmake_args': None, 'build_base': '/home/misys/keyBoardControl/build/keyboardcontrol', 'catkin_cmake_args': None, 'catkin_skip_building_tests': False, 'cmake_args': None, 'cmake_clean_cache': False, 'cmake_clean_first': False, 'cmake_force_configure': False, 'cmake_target': None, 'cmake_target_skip_unavailable': False, 'install_base': '/home/misys/keyBoardControl/install/keyboardcontrol', 'merge_install': False, 'path': '/home/misys/keyBoardControl', 'symlink_install': False, 'test_result_base': None}
[0.216s] INFO:colcon.colcon_core.executor:Executing jobs using 'parallel' executor
[0.218s] DEBUG:colcon.colcon_parallel_executor.executor.parallel:run_until_complete
[0.218s] INFO:colcon.colcon_ros.task.ament_cmake.build:Building ROS package in '/home/misys/keyBoardControl' with build type 'ament_cmake'
[0.218s] INFO:colcon.colcon_cmake.task.cmake.build:Building CMake package in '/home/misys/keyBoardControl'
[0.221s] INFO:colcon.colcon_core.plugin_system:Skipping extension 'colcon_core.shell.bat': Not used on non-Windows systems
[0.221s] INFO:colcon.colcon_core.shell:Skip shell extension 'powershell' for command environment: Not usable outside of PowerShell
[0.221s] DEBUG:colcon.colcon_core.shell:Skip shell extension 'dsv' for command environment
[0.228s] DEBUG:colcon.colcon_core.event_handler.log_command:Invoking command in '/home/misys/keyBoardControl/build/keyboardcontrol': CMAKE_PREFIX_PATH=${CMAKE_PREFIX_PATH}:/opt/ros/galactic /usr/bin/cmake /home/misys/keyBoardControl -DCMAKE_INSTALL_PREFIX=/home/misys/keyBoardControl/install/keyboardcontrol
[1.255s] DEBUG:colcon.colcon_core.event_handler.log_command:Invoked command in '/home/misys/keyBoardControl/build/keyboardcontrol' returned '0': CMAKE_PREFIX_PATH=${CMAKE_PREFIX_PATH}:/opt/ros/galactic /usr/bin/cmake /home/misys/keyBoardControl -DCMAKE_INSTALL_PREFIX=/home/misys/keyBoardControl/install/keyboardcontrol
[1.257s] DEBUG:colcon.colcon_core.event_handler.log_command:Invoking command in '/home/misys/keyBoardControl/build/keyboardcontrol': CMAKE_PREFIX_PATH=${CMAKE_PREFIX_PATH}:/opt/ros/galactic /usr/bin/cmake --build /home/misys/keyBoardControl/build/keyboardcontrol -- -j12 -l12
[7.121s] DEBUG:colcon.colcon_core.event_handler.log_command:Invoked command in '/home/misys/keyBoardControl/build/keyboardcontrol' returned '0': CMAKE_PREFIX_PATH=${CMAKE_PREFIX_PATH}:/opt/ros/galactic /usr/bin/cmake --build /home/misys/keyBoardControl/build/keyboardcontrol -- -j12 -l12
[7.144s] DEBUG:colcon.colcon_core.event_handler.log_command:Invoking command in '/home/misys/keyBoardControl/build/keyboardcontrol': CMAKE_PREFIX_PATH=${CMAKE_PREFIX_PATH}:/opt/ros/galactic /usr/bin/cmake --install /home/misys/keyBoardControl/build/keyboardcontrol
[7.156s] Level 1:colcon.colcon_core.environment:create_environment_scripts_only(keyboardcontrol)
[7.157s] DEBUG:colcon.colcon_core.event_handler.log_command:Invoked command in '/home/misys/keyBoardControl/build/keyboardcontrol' returned '0': CMAKE_PREFIX_PATH=${CMAKE_PREFIX_PATH}:/opt/ros/galactic /usr/bin/cmake --install /home/misys/keyBoardControl/build/keyboardcontrol
[7.159s] Level 1:colcon.colcon_core.environment:checking '/home/misys/keyBoardControl/install/keyboardcontrol' for CMake module files
[7.160s] Level 1:colcon.colcon_core.environment:checking '/home/misys/keyBoardControl/install/keyboardcontrol' for CMake config files
[7.160s] Level 1:colcon.colcon_core.shell:create_environment_hook('keyboardcontrol', 'cmake_prefix_path')
[7.160s] INFO:colcon.colcon_core.shell:Creating environment hook '/home/misys/keyBoardControl/install/keyboardcontrol/share/keyboardcontrol/hook/cmake_prefix_path.ps1'
[7.161s] INFO:colcon.colcon_core.shell:Creating environment descriptor '/home/misys/keyBoardControl/install/keyboardcontrol/share/keyboardcontrol/hook/cmake_prefix_path.dsv'
[7.161s] INFO:colcon.colcon_core.shell:Creating environment hook '/home/misys/keyBoardControl/install/keyboardcontrol/share/keyboardcontrol/hook/cmake_prefix_path.sh'
[7.162s] Level 1:colcon.colcon_core.environment:checking '/home/misys/keyBoardControl/install/keyboardcontrol/lib'
[7.162s] Level 1:colcon.colcon_core.environment:checking '/home/misys/keyBoardControl/install/keyboardcontrol/bin'
[7.162s] Level 1:colcon.colcon_core.environment:checking '/home/misys/keyBoardControl/install/keyboardcontrol/lib/pkgconfig/keyboardcontrol.pc'
[7.162s] Level 1:colcon.colcon_core.environment:checking '/home/misys/keyBoardControl/install/keyboardcontrol/lib/python3.8/site-packages'
[7.163s] INFO:colcon.colcon_core.shell:Creating package script '/home/misys/keyBoardControl/install/keyboardcontrol/share/keyboardcontrol/package.ps1'
[7.163s] INFO:colcon.colcon_core.shell:Creating package descriptor '/home/misys/keyBoardControl/install/keyboardcontrol/share/keyboardcontrol/package.dsv'
[7.164s] INFO:colcon.colcon_core.shell:Creating package script '/home/misys/keyBoardControl/install/keyboardcontrol/share/keyboardcontrol/package.sh'
[7.164s] INFO:colcon.colcon_core.shell:Creating package script '/home/misys/keyBoardControl/install/keyboardcontrol/share/keyboardcontrol/package.bash'
[7.165s] INFO:colcon.colcon_core.shell:Creating package script '/home/misys/keyBoardControl/install/keyboardcontrol/share/keyboardcontrol/package.zsh'
[7.165s] Level 1:colcon.colcon_core.environment:create_file_with_runtime_dependencies(/home/misys/keyBoardControl/install/keyboardcontrol/share/colcon-core/packages/keyboardcontrol)
[7.183s] Level 1:colcon.colcon_core.environment:create_environment_scripts_only(keyboardcontrol)
[7.183s] Level 1:colcon.colcon_core.environment:checking '/home/misys/keyBoardControl/install/keyboardcontrol' for CMake module files
[7.184s] Level 1:colcon.colcon_core.environment:checking '/home/misys/keyBoardControl/install/keyboardcontrol' for CMake config files
[7.184s] Level 1:colcon.colcon_core.shell:create_environment_hook('keyboardcontrol', 'cmake_prefix_path')
[7.184s] INFO:colcon.colcon_core.shell:Creating environment hook '/home/misys/keyBoardControl/install/keyboardcontrol/share/keyboardcontrol/hook/cmake_prefix_path.ps1'
[7.185s] INFO:colcon.colcon_core.shell:Creating environment descriptor '/home/misys/keyBoardControl/install/keyboardcontrol/share/keyboardcontrol/hook/cmake_prefix_path.dsv'
[7.185s] INFO:colcon.colcon_core.shell:Creating environment hook '/home/misys/keyBoardControl/install/keyboardcontrol/share/keyboardcontrol/hook/cmake_prefix_path.sh'
[7.186s] Level 1:colcon.colcon_core.environment:checking '/home/misys/keyBoardControl/install/keyboardcontrol/lib'
[7.186s] Level 1:colcon.colcon_core.environment:checking '/home/misys/keyBoardControl/install/keyboardcontrol/bin'
[7.186s] Level 1:colcon.colcon_core.environment:checking '/home/misys/keyBoardControl/install/keyboardcontrol/lib/pkgconfig/keyboardcontrol.pc'
[7.186s] Level 1:colcon.colcon_core.environment:checking '/home/misys/keyBoardControl/install/keyboardcontrol/lib/python3.8/site-packages'
[7.186s] INFO:colcon.colcon_core.shell:Creating package script '/home/misys/keyBoardControl/install/keyboardcontrol/share/keyboardcontrol/package.ps1'
[7.187s] INFO:colcon.colcon_core.shell:Creating package descriptor '/home/misys/keyBoardControl/install/keyboardcontrol/share/keyboardcontrol/package.dsv'
[7.187s] INFO:colcon.colcon_core.shell:Creating package script '/home/misys/keyBoardControl/install/keyboardcontrol/share/keyboardcontrol/package.sh'
[7.188s] INFO:colcon.colcon_core.shell:Creating package script '/home/misys/keyBoardControl/install/keyboardcontrol/share/keyboardcontrol/package.bash'
[7.188s] INFO:colcon.colcon_core.shell:Creating package script '/home/misys/keyBoardControl/install/keyboardcontrol/share/keyboardcontrol/package.zsh'
[7.188s] Level 1:colcon.colcon_core.environment:create_file_with_runtime_dependencies(/home/misys/keyBoardControl/install/keyboardcontrol/share/colcon-core/packages/keyboardcontrol)
[7.188s] DEBUG:colcon.colcon_parallel_executor.executor.parallel:closing loop
[7.189s] DEBUG:colcon.colcon_parallel_executor.executor.parallel:loop closed
[7.189s] DEBUG:colcon.colcon_parallel_executor.executor.parallel:run_until_complete finished with '0'
[7.189s] DEBUG:colcon.colcon_core.event_reactor:joining thread
[7.195s] INFO:colcon.colcon_core.plugin_system:Skipping extension 'colcon_notification.desktop_notification.terminal_notifier': Not used on non-Darwin systems
[7.195s] INFO:colcon.colcon_core.plugin_system:Skipping extension 'colcon_notification.desktop_notification.win32': Not used on non-Windows systems
[7.195s] INFO:colcon.colcon_notification.desktop_notification:Sending desktop notification using 'notify2'
[7.207s] DEBUG:colcon.colcon_core.event_reactor:joined thread
[7.208s] INFO:colcon.colcon_core.shell:Creating prefix script '/home/misys/keyBoardControl/install/local_setup.ps1'
[7.209s] INFO:colcon.colcon_core.shell:Creating prefix util module '/home/misys/keyBoardControl/install/_local_setup_util_ps1.py'
[7.210s] INFO:colcon.colcon_core.shell:Creating prefix chain script '/home/misys/keyBoardControl/install/setup.ps1'
[7.210s] INFO:colcon.colcon_core.shell:Creating prefix script '/home/misys/keyBoardControl/install/local_setup.sh'
[7.211s] INFO:colcon.colcon_core.shell:Creating prefix util module '/home/misys/keyBoardControl/install/_local_setup_util_sh.py'
[7.211s] INFO:colcon.colcon_core.shell:Creating prefix chain script '/home/misys/keyBoardControl/install/setup.sh'
[7.212s] INFO:colcon.colcon_core.shell:Creating prefix script '/home/misys/keyBoardControl/install/local_setup.bash'
[7.212s] INFO:colcon.colcon_core.shell:Creating prefix chain script '/home/misys/keyBoardControl/install/setup.bash'
[7.213s] INFO:colcon.colcon_core.shell:Creating prefix script '/home/misys/keyBoardControl/install/local_setup.zsh'
[7.214s] INFO:colcon.colcon_core.shell:Creating prefix chain script '/home/misys/keyBoardControl/install/setup.zsh'
