-- Found ament_cmake: 1.1.5 (/opt/ros/galactic/share/ament_cmake/cmake)
-- Using PYTHON_EXECUTABLE: /usr/bin/python3
-- Found rclcpp: 9.2.0 (/opt/ros/galactic/share/rclcpp/cmake)
-- Using all available rosidl_typesupport_c: rosidl_typesupport_fastrtps_c;rosidl_typesupport_introspection_c
-- Found rosidl_adapter: 2.2.1 (/opt/ros/galactic/share/rosidl_adapter/cmake)
-- Using all available rosidl_typesupport_cpp: rosidl_typesupport_fastrtps_cpp;rosidl_typesupport_introspection_cpp
-- Found rmw_implementation_cmake: 3.3.1 (/opt/ros/galactic/share/rmw_implementation_cmake/cmake)
-- Found rmw_cyclonedds_cpp: 0.22.4 (/opt/ros/galactic/share/rmw_cyclonedds_cpp/cmake)
-- Using RMW implementation 'rmw_cyclonedds_cpp' as default
-- Configuring done
-- Generating done
-- Build files have been written to: /home/misys/keyBoardControl/build/keyBoardControl
[35m[1mScanning dependencies of target getKeyBoard[0m
[35m[1mScanning dependencies of target testKeyBoard[0m
[ 25%] [32mBuilding CXX object CMakeFiles/getKeyBoard.dir/src/getKeyBoardInputnode.cc.o[0m
[ 50%] [32mBuilding CXX object CMakeFiles/testKeyBoard.dir/src/testKeyBoardInputnode.cc.o[0m
[ 75%] [32m[1mLinking CXX executable getKeyBoard[0m
[ 75%] Built target getKeyBoard
[100%] [32m[1mLinking CXX executable testKeyBoard[0m
[100%] Built target testKeyBoard
-- Install configuration: ""
-- Installing: /home/misys/keyBoardControl/install/keyBoardControl/lib/keyBoardControl/getKeyBoard
-- Set runtime path of "/home/misys/keyBoardControl/install/keyBoardControl/lib/keyBoardControl/getKeyBoard" to ""
-- Up-to-date: /home/misys/keyBoardControl/install/keyBoardControl/lib/keyBoardControl/getKeyBoard
-- Installing: /home/misys/keyBoardControl/install/keyBoardControl/lib/keyBoardControl/testKeyBoard
-- Set runtime path of "/home/misys/keyBoardControl/install/keyBoardControl/lib/keyBoardControl/testKeyBoard" to ""
-- Installing: /home/misys/keyBoardControl/install/keyBoardControl/share/ament_index/resource_index/package_run_dependencies/keyBoardControl
-- Installing: /home/misys/keyBoardControl/install/keyBoardControl/share/ament_index/resource_index/parent_prefix_path/keyBoardControl
-- Installing: /home/misys/keyBoardControl/install/keyBoardControl/share/keyBoardControl/environment/ament_prefix_path.sh
-- Installing: /home/misys/keyBoardControl/install/keyBoardControl/share/keyBoardControl/environment/ament_prefix_path.dsv
-- Installing: /home/misys/keyBoardControl/install/keyBoardControl/share/keyBoardControl/environment/path.sh
-- Installing: /home/misys/keyBoardControl/install/keyBoardControl/share/keyBoardControl/environment/path.dsv
-- Installing: /home/misys/keyBoardControl/install/keyBoardControl/share/keyBoardControl/local_setup.bash
-- Installing: /home/misys/keyBoardControl/install/keyBoardControl/share/keyBoardControl/local_setup.sh
-- Installing: /home/misys/keyBoardControl/install/keyBoardControl/share/keyBoardControl/local_setup.zsh
-- Installing: /home/misys/keyBoardControl/install/keyBoardControl/share/keyBoardControl/local_setup.dsv
-- Installing: /home/misys/keyBoardControl/install/keyBoardControl/share/keyBoardControl/package.dsv
-- Installing: /home/misys/keyBoardControl/install/keyBoardControl/share/ament_index/resource_index/packages/keyBoardControl
-- Installing: /home/misys/keyBoardControl/install/keyBoardControl/share/keyBoardControl/cmake/keyBoardControlConfig.cmake
-- Installing: /home/misys/keyBoardControl/install/keyBoardControl/share/keyBoardControl/cmake/keyBoardControlConfig-version.cmake
-- Installing: /home/misys/keyBoardControl/install/keyBoardControl/share/keyBoardControl/package.xml
