[0.011s] Invoking command in '/home/misys/keyBoardControl/build/keyBoardControl': CMAKE_PREFIX_PATH=${CMAKE_PREFIX_PATH}:/opt/ros/galactic /usr/bin/cmake /home/misys/keyBoardControl -DCMAKE_INSTALL_PREFIX=/home/misys/keyBoardControl/install/keyBoardControl
[0.021s] -- Found ament_cmake: 1.1.5 (/opt/ros/galactic/share/ament_cmake/cmake)
[0.038s] -- Using PYTHON_EXECUTABLE: /usr/bin/python3
[0.083s] -- Found rclcpp: 9.2.0 (/opt/ros/galactic/share/rclcpp/cmake)
[0.111s] -- Using all available rosidl_typesupport_c: rosidl_typesupport_fastrtps_c;rosidl_typesupport_introspection_c
[0.113s] -- Found rosidl_adapter: 2.2.1 (/opt/ros/galactic/share/rosidl_adapter/cmake)
[0.201s] -- Using all available rosidl_typesupport_cpp: rosidl_typesupport_fastrtps_cpp;rosidl_typesupport_introspection_cpp
[0.242s] -- Found rmw_implementation_cmake: 3.3.1 (/opt/ros/galactic/share/rmw_implementation_cmake/cmake)
[0.244s] -- Found rmw_cyclonedds_cpp: 0.22.4 (/opt/ros/galactic/share/rmw_cyclonedds_cpp/cmake)
[0.258s] -- Using RMW implementation 'rmw_cyclonedds_cpp' as default
[0.406s] WARNING: Package name "keyBoardControl" does not follow the naming conventions. It should start with a lower case letter and only contain lower case letters, digits, underscores, and dashes.
[0.414s] -- Configuring done
[0.422s] -- Generating done
[0.423s] -- Build files have been written to: /home/misys/keyBoardControl/build/keyBoardControl
[0.428s] Invoked command in '/home/misys/keyBoardControl/build/keyBoardControl' returned '0': CMAKE_PREFIX_PATH=${CMAKE_PREFIX_PATH}:/opt/ros/galactic /usr/bin/cmake /home/misys/keyBoardControl -DCMAKE_INSTALL_PREFIX=/home/misys/keyBoardControl/install/keyBoardControl
[0.430s] Invoking command in '/home/misys/keyBoardControl/build/keyBoardControl': CMAKE_PREFIX_PATH=${CMAKE_PREFIX_PATH}:/opt/ros/galactic /usr/bin/cmake --build /home/misys/keyBoardControl/build/keyBoardControl -- -j12 -l12
[0.457s] [35m[1mScanning dependencies of target getKeyBoard[0m
[0.458s] [35m[1mScanning dependencies of target testKeyBoard[0m
[0.486s] [ 25%] [32mBuilding CXX object CMakeFiles/getKeyBoard.dir/src/getKeyBoardInputnode.cc.o[0m
[0.490s] [ 50%] [32mBuilding CXX object CMakeFiles/testKeyBoard.dir/src/testKeyBoardInputnode.cc.o[0m
[3.377s] [ 75%] [32m[1mLinking CXX executable getKeyBoard[0m
[3.512s] [ 75%] Built target getKeyBoard
[5.830s] [100%] [32m[1mLinking CXX executable testKeyBoard[0m
[6.040s] [100%] Built target testKeyBoard
[6.049s] Invoked command in '/home/misys/keyBoardControl/build/keyBoardControl' returned '0': CMAKE_PREFIX_PATH=${CMAKE_PREFIX_PATH}:/opt/ros/galactic /usr/bin/cmake --build /home/misys/keyBoardControl/build/keyBoardControl -- -j12 -l12
[6.074s] Invoking command in '/home/misys/keyBoardControl/build/keyBoardControl': CMAKE_PREFIX_PATH=${CMAKE_PREFIX_PATH}:/opt/ros/galactic /usr/bin/cmake --install /home/misys/keyBoardControl/build/keyBoardControl
[6.079s] -- Install configuration: ""
[6.080s] -- Installing: /home/misys/keyBoardControl/install/keyBoardControl/lib/keyBoardControl/getKeyBoard
[6.080s] -- Set runtime path of "/home/misys/keyBoardControl/install/keyBoardControl/lib/keyBoardControl/getKeyBoard" to ""
[6.080s] -- Up-to-date: /home/misys/keyBoardControl/install/keyBoardControl/lib/keyBoardControl/getKeyBoard
[6.080s] -- Installing: /home/misys/keyBoardControl/install/keyBoardControl/lib/keyBoardControl/testKeyBoard
[6.082s] -- Set runtime path of "/home/misys/keyBoardControl/install/keyBoardControl/lib/keyBoardControl/testKeyBoard" to ""
[6.082s] -- Installing: /home/misys/keyBoardControl/install/keyBoardControl/share/ament_index/resource_index/package_run_dependencies/keyBoardControl
[6.083s] -- Installing: /home/misys/keyBoardControl/install/keyBoardControl/share/ament_index/resource_index/parent_prefix_path/keyBoardControl
[6.083s] -- Installing: /home/misys/keyBoardControl/install/keyBoardControl/share/keyBoardControl/environment/ament_prefix_path.sh
[6.083s] -- Installing: /home/misys/keyBoardControl/install/keyBoardControl/share/keyBoardControl/environment/ament_prefix_path.dsv
[6.083s] -- Installing: /home/misys/keyBoardControl/install/keyBoardControl/share/keyBoardControl/environment/path.sh
[6.083s] -- Installing: /home/misys/keyBoardControl/install/keyBoardControl/share/keyBoardControl/environment/path.dsv
[6.083s] -- Installing: /home/misys/keyBoardControl/install/keyBoardControl/share/keyBoardControl/local_setup.bash
[6.083s] -- Installing: /home/misys/keyBoardControl/install/keyBoardControl/share/keyBoardControl/local_setup.sh
[6.083s] -- Installing: /home/misys/keyBoardControl/install/keyBoardControl/share/keyBoardControl/local_setup.zsh
[6.083s] -- Installing: /home/misys/keyBoardControl/install/keyBoardControl/share/keyBoardControl/local_setup.dsv
[6.083s] -- Installing: /home/misys/keyBoardControl/install/keyBoardControl/share/keyBoardControl/package.dsv
[6.083s] -- Installing: /home/misys/keyBoardControl/install/keyBoardControl/share/ament_index/resource_index/packages/keyBoardControl
[6.084s] -- Installing: /home/misys/keyBoardControl/install/keyBoardControl/share/keyBoardControl/cmake/keyBoardControlConfig.cmake
[6.084s] -- Installing: /home/misys/keyBoardControl/install/keyBoardControl/share/keyBoardControl/cmake/keyBoardControlConfig-version.cmake
[6.084s] -- Installing: /home/misys/keyBoardControl/install/keyBoardControl/share/keyBoardControl/package.xml
[6.085s] Invoked command in '/home/misys/keyBoardControl/build/keyBoardControl' returned '0': CMAKE_PREFIX_PATH=${CMAKE_PREFIX_PATH}:/opt/ros/galactic /usr/bin/cmake --install /home/misys/keyBoardControl/build/keyBoardControl
