[0.104s] DEBUG:colcon:Command line arguments: ['/usr/bin/colcon', 'build', '--packages-select', 'keyBoardControl']
[0.104s] DEBUG:colcon:Parsed command line arguments: Namespace(allow_overriding=[], ament_cmake_args=None, base_paths=['.'], build_base='build', catkin_cmake_args=None, catkin_skip_building_tests=False, cmake_args=None, cmake_clean_cache=False, cmake_clean_first=False, cmake_force_configure=False, cmake_target=None, cmake_target_skip_unavailable=False, continue_on_error=False, event_handlers=None, executor='parallel', ignore_user_meta=False, install_base='install', log_base=None, log_level=None, main=<bound method BuildVerb.main of <colcon_core.verb.build.BuildVerb object at 0x7fa9fbd25670>>, merge_install=False, metas=['./colcon.meta'], packages_above=None, packages_above_and_dependencies=None, packages_above_depth=None, packages_end=None, packages_ignore=None, packages_ignore_regex=None, packages_select=['keyBoardControl'], packages_select_build_failed=False, packages_select_by_dep=None, packages_select_regex=None, packages_select_test_failures=False, packages_skip=None, packages_skip_build_finished=False, packages_skip_by_dep=None, packages_skip_regex=None, packages_skip_test_passed=False, packages_skip_up_to=None, packages_start=None, packages_up_to=None, packages_up_to_regex=None, parallel_workers=12, paths=None, symlink_install=False, test_result_base=None, verb_extension=<colcon_core.verb.build.BuildVerb object at 0x7fa9fbd25670>, verb_name='build', verb_parser=<colcon_defaults.argument_parser.defaults.DefaultArgumentsDecorator object at 0x7fa9fbd25bb0>)
[0.123s] Level 1:colcon.colcon_core.package_discovery:discover_packages(colcon_meta) check parameters
[0.123s] Level 1:colcon.colcon_core.package_discovery:discover_packages(recursive) check parameters
[0.123s] Level 1:colcon.colcon_core.package_discovery:discover_packages(ignore) check parameters
[0.123s] Level 1:colcon.colcon_core.package_discovery:discover_packages(path) check parameters
[0.123s] Level 1:colcon.colcon_core.package_discovery:discover_packages(colcon_meta) discover
[0.123s] Level 1:colcon.colcon_core.package_discovery:discover_packages(recursive) discover
[0.123s] INFO:colcon.colcon_core.package_discovery:Crawling recursively for packages in '/home/misys/keyBoardControl'
[0.123s] Level 1:colcon.colcon_core.package_identification:_identify(.) by extensions ['ignore', 'ignore_ament_install']
[0.123s] Level 1:colcon.colcon_core.package_identification:_identify(.) by extension 'ignore'
[0.123s] Level 1:colcon.colcon_core.package_identification:_identify(.) by extension 'ignore_ament_install'
[0.123s] Level 1:colcon.colcon_core.package_identification:_identify(.) by extensions ['colcon_pkg']
[0.123s] Level 1:colcon.colcon_core.package_identification:_identify(.) by extension 'colcon_pkg'
[0.123s] Level 1:colcon.colcon_core.package_identification:_identify(.) by extensions ['colcon_meta']
[0.123s] Level 1:colcon.colcon_core.package_identification:_identify(.) by extension 'colcon_meta'
[0.123s] Level 1:colcon.colcon_core.package_identification:_identify(.) by extensions ['ros']
[0.123s] Level 1:colcon.colcon_core.package_identification:_identify(.) by extension 'ros'
[0.133s] DEBUG:colcon.colcon_core.package_identification:Package '.' with type 'ros.ament_cmake' and name 'keyBoardControl'
[0.134s] Level 1:colcon.colcon_core.package_discovery:discover_packages(recursive) using defaults
[0.134s] Level 1:colcon.colcon_core.package_discovery:discover_packages(ignore) discover
[0.134s] Level 1:colcon.colcon_core.package_discovery:discover_packages(ignore) using defaults
[0.134s] Level 1:colcon.colcon_core.package_discovery:discover_packages(path) discover
[0.134s] Level 1:colcon.colcon_core.package_discovery:discover_packages(path) using defaults
[0.147s] Level 1:colcon.colcon_core.package_discovery:discover_packages(prefix_path) check parameters
[0.147s] Level 1:colcon.colcon_core.package_discovery:discover_packages(prefix_path) discover
[0.149s] DEBUG:colcon.colcon_installed_package_information.package_discovery:Found 1 installed packages in /home/misys/cpp_pubsub/install
[0.150s] DEBUG:colcon.colcon_installed_package_information.package_discovery:Found 268 installed packages in /opt/ros/galactic
[0.151s] Level 1:colcon.colcon_core.package_discovery:discover_packages(prefix_path) using defaults
[0.223s] Level 5:colcon.colcon_core.verb:set package 'keyBoardControl' build argument 'cmake_args' from command line to 'None'
[0.223s] Level 5:colcon.colcon_core.verb:set package 'keyBoardControl' build argument 'cmake_target' from command line to 'None'
[0.223s] Level 5:colcon.colcon_core.verb:set package 'keyBoardControl' build argument 'cmake_target_skip_unavailable' from command line to 'False'
[0.223s] Level 5:colcon.colcon_core.verb:set package 'keyBoardControl' build argument 'cmake_clean_cache' from command line to 'False'
[0.223s] Level 5:colcon.colcon_core.verb:set package 'keyBoardControl' build argument 'cmake_clean_first' from command line to 'False'
[0.223s] Level 5:colcon.colcon_core.verb:set package 'keyBoardControl' build argument 'cmake_force_configure' from command line to 'False'
[0.223s] Level 5:colcon.colcon_core.verb:set package 'keyBoardControl' build argument 'ament_cmake_args' from command line to 'None'
[0.224s] Level 5:colcon.colcon_core.verb:set package 'keyBoardControl' build argument 'catkin_cmake_args' from command line to 'None'
[0.224s] Level 5:colcon.colcon_core.verb:set package 'keyBoardControl' build argument 'catkin_skip_building_tests' from command line to 'False'
[0.224s] DEBUG:colcon.colcon_core.verb:Building package 'keyBoardControl' with the following arguments: {'ament_cmake_args': None, 'build_base': '/home/misys/keyBoardControl/build/keyBoardControl', 'catkin_cmake_args': None, 'catkin_skip_building_tests': False, 'cmake_args': None, 'cmake_clean_cache': False, 'cmake_clean_first': False, 'cmake_force_configure': False, 'cmake_target': None, 'cmake_target_skip_unavailable': False, 'install_base': '/home/misys/keyBoardControl/install/keyBoardControl', 'merge_install': False, 'path': '/home/misys/keyBoardControl', 'symlink_install': False, 'test_result_base': None}
[0.224s] INFO:colcon.colcon_core.executor:Executing jobs using 'parallel' executor
[0.225s] DEBUG:colcon.colcon_parallel_executor.executor.parallel:run_until_complete
[0.226s] INFO:colcon.colcon_ros.task.ament_cmake.build:Building ROS package in '/home/misys/keyBoardControl' with build type 'ament_cmake'
[0.226s] INFO:colcon.colcon_cmake.task.cmake.build:Building CMake package in '/home/misys/keyBoardControl'
[0.228s] INFO:colcon.colcon_core.plugin_system:Skipping extension 'colcon_core.shell.bat': Not used on non-Windows systems
[0.228s] INFO:colcon.colcon_core.shell:Skip shell extension 'powershell' for command environment: Not usable outside of PowerShell
[0.228s] DEBUG:colcon.colcon_core.shell:Skip shell extension 'dsv' for command environment
[0.237s] DEBUG:colcon.colcon_core.event_handler.log_command:Invoking command in '/home/misys/keyBoardControl/build/keyBoardControl': CMAKE_PREFIX_PATH=${CMAKE_PREFIX_PATH}:/opt/ros/galactic /usr/bin/cmake --build /home/misys/keyBoardControl/build/keyBoardControl -- -j12 -l12
[0.670s] DEBUG:colcon.colcon_core.event_handler.log_command:Invoked command in '/home/misys/keyBoardControl/build/keyBoardControl' returned '2': CMAKE_PREFIX_PATH=${CMAKE_PREFIX_PATH}:/opt/ros/galactic /usr/bin/cmake --build /home/misys/keyBoardControl/build/keyBoardControl -- -j12 -l12
[0.687s] Level 1:colcon.colcon_core.environment:create_environment_scripts_only(keyBoardControl)
[0.690s] Level 1:colcon.colcon_core.environment:checking '/home/misys/keyBoardControl/install/keyBoardControl' for CMake module files
[0.691s] Level 1:colcon.colcon_core.environment:checking '/home/misys/keyBoardControl/install/keyBoardControl' for CMake config files
[0.691s] Level 1:colcon.colcon_core.shell:create_environment_hook('keyBoardControl', 'cmake_prefix_path')
[0.691s] INFO:colcon.colcon_core.shell:Creating environment hook '/home/misys/keyBoardControl/install/keyBoardControl/share/keyBoardControl/hook/cmake_prefix_path.ps1'
[0.692s] INFO:colcon.colcon_core.shell:Creating environment descriptor '/home/misys/keyBoardControl/install/keyBoardControl/share/keyBoardControl/hook/cmake_prefix_path.dsv'
[0.692s] INFO:colcon.colcon_core.shell:Creating environment hook '/home/misys/keyBoardControl/install/keyBoardControl/share/keyBoardControl/hook/cmake_prefix_path.sh'
[0.693s] Level 1:colcon.colcon_core.environment:checking '/home/misys/keyBoardControl/install/keyBoardControl/lib'
[0.693s] Level 1:colcon.colcon_core.environment:checking '/home/misys/keyBoardControl/install/keyBoardControl/bin'
[0.693s] Level 1:colcon.colcon_core.environment:checking '/home/misys/keyBoardControl/install/keyBoardControl/lib/pkgconfig/keyBoardControl.pc'
[0.693s] Level 1:colcon.colcon_core.environment:checking '/home/misys/keyBoardControl/install/keyBoardControl/lib/python3.8/site-packages'
[0.693s] INFO:colcon.colcon_core.shell:Creating package script '/home/misys/keyBoardControl/install/keyBoardControl/share/keyBoardControl/package.ps1'
[0.694s] INFO:colcon.colcon_core.shell:Creating package descriptor '/home/misys/keyBoardControl/install/keyBoardControl/share/keyBoardControl/package.dsv'
[0.694s] INFO:colcon.colcon_core.shell:Creating package script '/home/misys/keyBoardControl/install/keyBoardControl/share/keyBoardControl/package.sh'
[0.695s] INFO:colcon.colcon_core.shell:Creating package script '/home/misys/keyBoardControl/install/keyBoardControl/share/keyBoardControl/package.bash'
[0.695s] INFO:colcon.colcon_core.shell:Creating package script '/home/misys/keyBoardControl/install/keyBoardControl/share/keyBoardControl/package.zsh'
[0.696s] Level 1:colcon.colcon_core.environment:create_file_with_runtime_dependencies(/home/misys/keyBoardControl/install/keyBoardControl/share/colcon-core/packages/keyBoardControl)
[0.706s] DEBUG:colcon.colcon_parallel_executor.executor.parallel:closing loop
[0.707s] DEBUG:colcon.colcon_parallel_executor.executor.parallel:loop closed
[0.707s] DEBUG:colcon.colcon_parallel_executor.executor.parallel:run_until_complete finished with '2'
[0.707s] DEBUG:colcon.colcon_core.event_reactor:joining thread
[0.711s] INFO:colcon.colcon_core.plugin_system:Skipping extension 'colcon_notification.desktop_notification.terminal_notifier': Not used on non-Darwin systems
[0.711s] INFO:colcon.colcon_core.plugin_system:Skipping extension 'colcon_notification.desktop_notification.win32': Not used on non-Windows systems
[0.711s] INFO:colcon.colcon_notification.desktop_notification:Sending desktop notification using 'notify2'
[0.729s] DEBUG:colcon.colcon_core.event_reactor:joined thread
[0.729s] INFO:colcon.colcon_core.shell:Creating prefix script '/home/misys/keyBoardControl/install/local_setup.ps1'
[0.730s] INFO:colcon.colcon_core.shell:Creating prefix util module '/home/misys/keyBoardControl/install/_local_setup_util_ps1.py'
[0.731s] INFO:colcon.colcon_core.shell:Creating prefix chain script '/home/misys/keyBoardControl/install/setup.ps1'
[0.733s] INFO:colcon.colcon_core.shell:Creating prefix script '/home/misys/keyBoardControl/install/local_setup.sh'
[0.733s] INFO:colcon.colcon_core.shell:Creating prefix util module '/home/misys/keyBoardControl/install/_local_setup_util_sh.py'
[0.733s] INFO:colcon.colcon_core.shell:Creating prefix chain script '/home/misys/keyBoardControl/install/setup.sh'
[0.734s] INFO:colcon.colcon_core.shell:Creating prefix script '/home/misys/keyBoardControl/install/local_setup.bash'
[0.735s] INFO:colcon.colcon_core.shell:Creating prefix chain script '/home/misys/keyBoardControl/install/setup.bash'
[0.735s] INFO:colcon.colcon_core.shell:Creating prefix script '/home/misys/keyBoardControl/install/local_setup.zsh'
[0.736s] INFO:colcon.colcon_core.shell:Creating prefix chain script '/home/misys/keyBoardControl/install/setup.zsh'
